[debug] [2023-05-04T07:12:32.292Z] ----------------------------------------------------------------------
[debug] [2023-05-04T07:12:32.293Z] Command:       /Users/renzo/.nvm/versions/node/v17.6.0/bin/node /Users/renzo/.nvm/versions/node/v17.6.0/bin/firebase init
[debug] [2023-05-04T07:12:32.293Z] CLI Version:   11.29.1
[debug] [2023-05-04T07:12:32.293Z] Platform:      darwin
[debug] [2023-05-04T07:12:32.293Z] Node Version:  v17.6.0
[debug] [2023-05-04T07:12:32.295Z] Time:          Thu May 04 2023 15:12:32 GMT+0800 (Philippine Standard Time)
[debug] [2023-05-04T07:12:32.296Z] ----------------------------------------------------------------------
[debug] 
[debug] [2023-05-04T07:12:32.329Z] > command requires scopes: ["email","openid","https://www.googleapis.com/auth/cloudplatformprojects.readonly","https://www.googleapis.com/auth/firebase","https://www.googleapis.com/auth/cloud-platform"]
[debug] [2023-05-04T07:12:32.329Z] > authorizing via signed-in user (renzogabrielsy@gmail.com)
[info] 
     ######## #### ########  ######## ########     ###     ######  ########
     ##        ##  ##     ## ##       ##     ##  ##   ##  ##       ##
     ######    ##  ########  ######   ########  #########  ######  ######
     ##        ##  ##    ##  ##       ##     ## ##     ##       ## ##
     ##       #### ##     ## ######## ########  ##     ##  ######  ########

You're about to initialize a Firebase project in this directory:

  /Users/renzo/todo-app-ts

Before we get started, keep in mind:

  * You are initializing within an existing Firebase project directory

